Using pre-set license
Built from '2021.3/staging' branch; Version is '2021.3.9f1 (ad3870b89536) revision 11352176'; Using compiler version '192829333'; Build Type 'Release'
OS: 'Windows 10  (10.0.19043) 64bit Core' Language: 'en' Physical Memory: 16335 MB
BatchMode: 1, IsHumanControllingUs: 0, StartBugReporterOnCrash: 0, Is64bit: 1, IsPro: 1

COMMAND LINE ARGUMENTS:
D:\Program Files\Unity Hub\Editor\2021.3.9f1\Editor\Unity.exe
-adb2
-batchMode
-noUpm
-name
AssetImportWorker0
-projectPath
C:/Users/caleb/Desktop/Test-Looter
-logFile
Logs/AssetImportWorker0.log
-srvPort
53200
Successfully changed project path to: C:/Users/caleb/Desktop/Test-Looter
C:/Users/caleb/Desktop/Test-Looter
[UnityMemory] Configuration Parameters - Can be set up in boot.config
    "memorysetup-bucket-allocator-granularity=16"
    "memorysetup-bucket-allocator-bucket-count=8"
    "memorysetup-bucket-allocator-block-size=33554432"
    "memorysetup-bucket-allocator-block-count=8"
    "memorysetup-main-allocator-block-size=16777216"
    "memorysetup-thread-allocator-block-size=16777216"
    "memorysetup-gfx-main-allocator-block-size=16777216"
    "memorysetup-gfx-thread-allocator-block-size=16777216"
    "memorysetup-cache-allocator-block-size=4194304"
    "memorysetup-typetree-allocator-block-size=2097152"
    "memorysetup-profiler-bucket-allocator-granularity=16"
    "memorysetup-profiler-bucket-allocator-bucket-count=8"
    "memorysetup-profiler-bucket-allocator-block-size=33554432"
    "memorysetup-profiler-bucket-allocator-block-count=8"
    "memorysetup-profiler-allocator-block-size=16777216"
    "memorysetup-profiler-editor-allocator-block-size=1048576"
    "memorysetup-temp-allocator-size-main=16777216"
    "memorysetup-job-temp-allocator-block-size=2097152"
    "memorysetup-job-temp-allocator-block-size-background=1048576"
    "memorysetup-job-temp-allocator-reduction-small-platforms=262144"
    "memorysetup-temp-allocator-size-background-worker=32768"
    "memorysetup-temp-allocator-size-job-worker=262144"
    "memorysetup-temp-allocator-size-preload-manager=33554432"
    "memorysetup-temp-allocator-size-nav-mesh-worker=65536"
    "memorysetup-temp-allocator-size-audio-worker=65536"
    "memorysetup-temp-allocator-size-cloud-worker=32768"
    "memorysetup-temp-allocator-size-gi-baking-worker=262144"
    "memorysetup-temp-allocator-size-gfx=262144"
Refreshing native plugins compatible for Editor in 49.47 ms, found 2 plugins.
Preloading 0 native plugins for Editor in 0.00 ms.
Initialize engine version: 2021.3.9f1 (ad3870b89536)
[Subsystems] Discovering subsystems at path D:/Program Files/Unity Hub/Editor/2021.3.9f1/Editor/Data/Resources/UnitySubsystems
[Subsystems] Discovering subsystems at path C:/Users/caleb/Desktop/Test-Looter/Assets
GfxDevice: creating device client; threaded=0; jobified=0
Direct3D:
    Version:  Direct3D 11.0 [level 11.1]
    Renderer: NVIDIA GeForce GTX 1060 6GB (ID=0x1c03)
    Vendor:   NVIDIA
    VRAM:     6043 MB
    Driver:   31.0.15.2647
Initialize mono
Mono path[0] = 'D:/Program Files/Unity Hub/Editor/2021.3.9f1/Editor/Data/Managed'
Mono path[1] = 'D:/Program Files/Unity Hub/Editor/2021.3.9f1/Editor/Data/MonoBleedingEdge/lib/mono/unityjit-win32'
Mono config path = 'D:/Program Files/Unity Hub/Editor/2021.3.9f1/Editor/Data/MonoBleedingEdge/etc'
Using monoOptions --debugger-agent=transport=dt_socket,embedding=1,server=y,suspend=n,address=127.0.0.1:56728
Begin MonoManager ReloadAssembly
Registering precompiled unity dll's ...
Register platform support module: D:/Program Files/Unity Hub/Editor/2021.3.9f1/Editor/Data/PlaybackEngines/AndroidPlayer/UnityEditor.Android.Extensions.dll
Register platform support module: D:/Program Files/Unity Hub/Editor/2021.3.9f1/Editor/Data/PlaybackEngines/WindowsStandaloneSupport/UnityEditor.WindowsStandalone.Extensions.dll
Registered in 0.028343 seconds.
Native extension for WindowsStandalone target not found
Native extension for Android target not found
Refreshing native plugins compatible for Editor in 45.86 ms, found 2 plugins.
Preloading 0 native plugins for Editor in 0.00 ms.
Mono: successfully reloaded assembly
- Completed reload, in  0.961 seconds
Domain Reload Profiling:
	ReloadAssembly (962ms)
		BeginReloadAssembly (153ms)
			ExecutionOrderSort (0ms)
			DisableScriptedObjects (0ms)
			BackupInstance (0ms)
			ReleaseScriptingObjects (0ms)
			CreateAndSetChildDomain (1ms)
		EndReloadAssembly (607ms)
			LoadAssemblies (147ms)
			RebuildTransferFunctionScriptingTraits (0ms)
			SetupTypeCache (144ms)
			ReleaseScriptCaches (0ms)
			RebuildScriptCaches (34ms)
			SetupLoadedEditorAssemblies (340ms)
				LogAssemblyErrors (0ms)
				InitializePlatformSupportModulesInManaged (96ms)
				SetLoadedEditorAssemblies (0ms)
				RefreshPlugins (46ms)
				BeforeProcessingInitializeOnLoad (2ms)
				ProcessInitializeOnLoadAttributes (132ms)
				ProcessInitializeOnLoadMethodAttributes (64ms)
				AfterProcessingInitializeOnLoad (0ms)
				EditorAssembliesLoaded (0ms)
			ExecutionOrderSort2 (0ms)
			AwakeInstancesAfterBackupRestoration (0ms)
Platform modules already initialized, skipping
Registering precompiled user dll's ...
Registered in 0.005977 seconds.
Begin MonoManager ReloadAssembly
Native extension for WindowsStandalone target not found
Native extension for Android target not found
Refreshing native plugins compatible for Editor in 0.49 ms, found 2 plugins.
Preloading 0 native plugins for Editor in 0.00 ms.
Mono: successfully reloaded assembly
- Completed reload, in  1.515 seconds
Domain Reload Profiling:
	ReloadAssembly (1516ms)
		BeginReloadAssembly (300ms)
			ExecutionOrderSort (0ms)
			DisableScriptedObjects (8ms)
			BackupInstance (0ms)
			ReleaseScriptingObjects (0ms)
			CreateAndSetChildDomain (126ms)
		EndReloadAssembly (1028ms)
			LoadAssemblies (158ms)
			RebuildTransferFunctionScriptingTraits (0ms)
			SetupTypeCache (278ms)
			ReleaseScriptCaches (1ms)
			RebuildScriptCaches (56ms)
			SetupLoadedEditorAssemblies (513ms)
				LogAssemblyErrors (0ms)
				InitializePlatformSupportModulesInManaged (32ms)
				SetLoadedEditorAssemblies (1ms)
				RefreshPlugins (1ms)
				BeforeProcessingInitializeOnLoad (94ms)
				ProcessInitializeOnLoadAttributes (317ms)
				ProcessInitializeOnLoadMethodAttributes (39ms)
				AfterProcessingInitializeOnLoad (29ms)
				EditorAssembliesLoaded (0ms)
			ExecutionOrderSort2 (0ms)
			AwakeInstancesAfterBackupRestoration (7ms)
Platform modules already initialized, skipping
========================================================================
Worker process is ready to serve import requests
Launched and connected shader compiler UnityShaderCompiler.exe after 0.17 seconds
Refreshing native plugins compatible for Editor in 0.91 ms, found 2 plugins.
Preloading 0 native plugins for Editor in 0.00 ms.
Unloading 1965 Unused Serialized files (Serialized files now loaded: 0)
Unloading 31 unused Assets / (1.3 MB). Loaded Objects now: 2438.
Memory consumption went from 165.4 MB to 164.1 MB.
Total: 5.938000 ms (FindLiveObjects: 0.340400 ms CreateObjectMapping: 0.096200 ms MarkObjects: 4.889900 ms  DeleteObjects: 0.609800 ms)

AssetImportParameters requested are different than current active one (requested -> active):
  custom:video-decoder-ogg-theora: a1e56fd34408186e4bbccfd4996cb3dc -> 
  custom:container-muxer-webm: aa71ff27fc2769a1b78a27578f13a17b -> 
  custom:container-demuxer-webm: 4f35f7cbe854078d1ac9338744f61a02 -> 
  custom:video-encoder-webm-vp8: eb34c28f22e8b96e1ab97ce403110664 -> 
  custom:audio-encoder-webm-vorbis: bf7c407c2cedff20999df2af8eb42d56 -> 
  custom:framework-win-MediaFoundation: 216162199b28c13a410421893ffa2e32 -> 
  custom:container-demuxer-ogg: 62fdf1f143b41e24485cea50d1cbac27 -> 
  custom:video-decoder-webm-vp8: 9c59270c3fd7afecdb556c50c9e8de78 -> 
  custom:audio-decoder-ogg-vorbis: bf7c407c2cedff20999df2af8eb42d56 -> 
========================================================================
Received Import Request.
  Time since last request: 263835.543068 seconds.
  path: Assets/Prefabs/Maze/Maze Cell.prefab
  artifactKey: Guid(d6f3c8097c50f164981fc541de36f7df) Importer(815301076,1909f56bfc062723c751e8b465ee728b)
Start importing Assets/Prefabs/Maze/Maze Cell.prefab using Guid(d6f3c8097c50f164981fc541de36f7df) Importer(815301076,1909f56bfc062723c751e8b465ee728b)  -> (artifact id: '67e3ddd5fd964e5375618ff6082672ea') in 0.176073 seconds 
========================================================================
Received Import Request.
  Time since last request: 2.477014 seconds.
  path: Assets/Prefabs/Maze/Maze Door.prefab
  artifactKey: Guid(5126c805741d251408cfab6b8a05fd2e) Importer(815301076,1909f56bfc062723c751e8b465ee728b)
Start importing Assets/Prefabs/Maze/Maze Door.prefab using Guid(5126c805741d251408cfab6b8a05fd2e) Importer(815301076,1909f56bfc062723c751e8b465ee728b)  -> (artifact id: '64418e61d6dc5c7ce245081ab71ed686') in 0.040177 seconds 
========================================================================
Received Import Request.
  Time since last request: 1.122488 seconds.
  path: Assets/Prefabs/Maze/Maze Door.prefab
  artifactKey: Guid(5126c805741d251408cfab6b8a05fd2e) Importer(815301076,1909f56bfc062723c751e8b465ee728b)
Start importing Assets/Prefabs/Maze/Maze Door.prefab using Guid(5126c805741d251408cfab6b8a05fd2e) Importer(815301076,1909f56bfc062723c751e8b465ee728b)  -> (artifact id: '00cfb90741d2c31c246b85416d546ec5') in 0.015880 seconds 
========================================================================
Received Import Request.
  Time since last request: 1.673346 seconds.
  path: Assets/Prefabs/Maze/Maze Passage.prefab
  artifactKey: Guid(789b4b1f8f4f0d743a180f865d759217) Importer(815301076,1909f56bfc062723c751e8b465ee728b)
Start importing Assets/Prefabs/Maze/Maze Passage.prefab using Guid(789b4b1f8f4f0d743a180f865d759217) Importer(815301076,1909f56bfc062723c751e8b465ee728b)  -> (artifact id: '44e57a47acfe8cf67f25ae267a4e4acd') in 0.008968 seconds 
========================================================================
Received Import Request.
  Time since last request: 1.469238 seconds.
  path: Assets/Prefabs/Maze/Maze Passage.prefab
  artifactKey: Guid(789b4b1f8f4f0d743a180f865d759217) Importer(815301076,1909f56bfc062723c751e8b465ee728b)
Start importing Assets/Prefabs/Maze/Maze Passage.prefab using Guid(789b4b1f8f4f0d743a180f865d759217) Importer(815301076,1909f56bfc062723c751e8b465ee728b)  -> (artifact id: 'f7b8d1f0232e2a92ddee01da6e90fd2a') in 0.011882 seconds 
========================================================================
Received Import Request.
  Time since last request: 2.724225 seconds.
  path: Assets/Prefabs/Maze/Maze Wall with Painting 1.prefab
  artifactKey: Guid(7d7ece74de1f194419f7d70396bf9a6a) Importer(815301076,1909f56bfc062723c751e8b465ee728b)
Start importing Assets/Prefabs/Maze/Maze Wall with Painting 1.prefab using Guid(7d7ece74de1f194419f7d70396bf9a6a) Importer(815301076,1909f56bfc062723c751e8b465ee728b)  -> (artifact id: '9b5e67aba0fee37694e115f8d21db0af') in 0.014414 seconds 
========================================================================
Received Import Request.
  Time since last request: 1.262320 seconds.
  path: Assets/Prefabs/Maze/Maze Wall.prefab
  artifactKey: Guid(b1393c2f643181749953ded1fa112e10) Importer(815301076,1909f56bfc062723c751e8b465ee728b)
Start importing Assets/Prefabs/Maze/Maze Wall.prefab using Guid(b1393c2f643181749953ded1fa112e10) Importer(815301076,1909f56bfc062723c751e8b465ee728b)  -> (artifact id: '66055bf952399616f938ddc10fe809a3') in 0.014877 seconds 
========================================================================
Received Import Request.
  Time since last request: 0.572568 seconds.
  path: Assets/Prefabs/Maze/Maze Wall.prefab
  artifactKey: Guid(b1393c2f643181749953ded1fa112e10) Importer(815301076,1909f56bfc062723c751e8b465ee728b)
Start importing Assets/Prefabs/Maze/Maze Wall.prefab using Guid(b1393c2f643181749953ded1fa112e10) Importer(815301076,1909f56bfc062723c751e8b465ee728b)  -> (artifact id: 'ad577fd8f751da3e4fb4cd0fc7c8553e') in 0.012462 seconds 
========================================================================
Received Import Request.
  Time since last request: 0.899328 seconds.
  path: Assets/Prefabs/Maze/Maze Wall.prefab
  artifactKey: Guid(b1393c2f643181749953ded1fa112e10) Importer(815301076,1909f56bfc062723c751e8b465ee728b)
Start importing Assets/Prefabs/Maze/Maze Wall.prefab using Guid(b1393c2f643181749953ded1fa112e10) Importer(815301076,1909f56bfc062723c751e8b465ee728b)  -> (artifact id: '8aa11a9bcb913a8088b8037aeea9694e') in 0.012778 seconds 
========================================================================
Received Prepare
Registering precompiled user dll's ...
Registered in 0.006626 seconds.
Begin MonoManager ReloadAssembly
Native extension for WindowsStandalone target not found
Native extension for Android target not found
Refreshing native plugins compatible for Editor in 0.49 ms, found 2 plugins.
Preloading 0 native plugins for Editor in 0.00 ms.
Mono: successfully reloaded assembly
- Completed reload, in  1.371 seconds
Domain Reload Profiling:
	ReloadAssembly (1372ms)
		BeginReloadAssembly (222ms)
			ExecutionOrderSort (0ms)
			DisableScriptedObjects (7ms)
			BackupInstance (0ms)
			ReleaseScriptingObjects (0ms)
			CreateAndSetChildDomain (35ms)
		EndReloadAssembly (982ms)
			LoadAssemblies (169ms)
			RebuildTransferFunctionScriptingTraits (0ms)
			SetupTypeCache (248ms)
			ReleaseScriptCaches (2ms)
			RebuildScriptCaches (57ms)
			SetupLoadedEditorAssemblies (503ms)
				LogAssemblyErrors (0ms)
				InitializePlatformSupportModulesInManaged (37ms)
				SetLoadedEditorAssemblies (1ms)
				RefreshPlugins (1ms)
				BeforeProcessingInitializeOnLoad (101ms)
				ProcessInitializeOnLoadAttributes (294ms)
				ProcessInitializeOnLoadMethodAttributes (41ms)
				AfterProcessingInitializeOnLoad (29ms)
				EditorAssembliesLoaded (0ms)
			ExecutionOrderSort2 (0ms)
			AwakeInstancesAfterBackupRestoration (7ms)
Platform modules already initialized, skipping
Refreshing native plugins compatible for Editor in 2.97 ms, found 2 plugins.
Preloading 0 native plugins for Editor in 0.00 ms.
Unloading 1911 Unused Serialized files (Serialized files now loaded: 0)
Unloading 25 unused Assets / (1.2 MB). Loaded Objects now: 2450.
Memory consumption went from 164.2 MB to 163.0 MB.
Total: 4.106500 ms (FindLiveObjects: 0.206200 ms CreateObjectMapping: 0.061600 ms MarkObjects: 3.485600 ms  DeleteObjects: 0.351900 ms)

AssetImportParameters requested are different than current active one (requested -> active):
  custom:video-decoder-ogg-theora: a1e56fd34408186e4bbccfd4996cb3dc -> 
  custom:container-muxer-webm: aa71ff27fc2769a1b78a27578f13a17b -> 
  custom:container-demuxer-webm: 4f35f7cbe854078d1ac9338744f61a02 -> 
  custom:video-encoder-webm-vp8: eb34c28f22e8b96e1ab97ce403110664 -> 
  custom:audio-encoder-webm-vorbis: bf7c407c2cedff20999df2af8eb42d56 -> 
  custom:framework-win-MediaFoundation: 216162199b28c13a410421893ffa2e32 -> 
  custom:container-demuxer-ogg: 62fdf1f143b41e24485cea50d1cbac27 -> 
  custom:video-decoder-webm-vp8: 9c59270c3fd7afecdb556c50c9e8de78 -> 
  custom:audio-decoder-ogg-vorbis: bf7c407c2cedff20999df2af8eb42d56 -> 
========================================================================
Received Import Request.
  Time since last request: 546.026107 seconds.
  path: Assets/Prefabs/Maze/Maze Cell.prefab
  artifactKey: Guid(d6f3c8097c50f164981fc541de36f7df) Importer(815301076,1909f56bfc062723c751e8b465ee728b)
Start importing Assets/Prefabs/Maze/Maze Cell.prefab using Guid(d6f3c8097c50f164981fc541de36f7df) Importer(815301076,1909f56bfc062723c751e8b465ee728b)  -> (artifact id: 'cb6ee5db39ac749432d99f654d9c15f0') in 0.084418 seconds 
========================================================================
Received Import Request.
  Time since last request: 2.093685 seconds.
  path: Assets/Prefabs/Maze/Maze Door.prefab
  artifactKey: Guid(5126c805741d251408cfab6b8a05fd2e) Importer(815301076,1909f56bfc062723c751e8b465ee728b)
Start importing Assets/Prefabs/Maze/Maze Door.prefab using Guid(5126c805741d251408cfab6b8a05fd2e) Importer(815301076,1909f56bfc062723c751e8b465ee728b)  -> (artifact id: 'ebf09ca67d94d875cb9d0a1c50740908') in 0.036092 seconds 
========================================================================
Received Import Request.
  Time since last request: 0.356210 seconds.
  path: Assets/Prefabs/Maze/Maze Door.prefab
  artifactKey: Guid(5126c805741d251408cfab6b8a05fd2e) Importer(815301076,1909f56bfc062723c751e8b465ee728b)
Start importing Assets/Prefabs/Maze/Maze Door.prefab using Guid(5126c805741d251408cfab6b8a05fd2e) Importer(815301076,1909f56bfc062723c751e8b465ee728b)  -> (artifact id: '1ec30eff4f2be2fd53ba49f5640192e4') in 0.014454 seconds 
========================================================================
Received Import Request.
  Time since last request: 0.387315 seconds.
  path: Assets/Prefabs/Maze/Maze Door.prefab
  artifactKey: Guid(5126c805741d251408cfab6b8a05fd2e) Importer(815301076,1909f56bfc062723c751e8b465ee728b)
Start importing Assets/Prefabs/Maze/Maze Door.prefab using Guid(5126c805741d251408cfab6b8a05fd2e) Importer(815301076,1909f56bfc062723c751e8b465ee728b)  -> (artifact id: 'a13706e3dc7f42f4b1cbeb1b07bceb44') in 0.012149 seconds 
========================================================================
Received Import Request.
  Time since last request: 2.534232 seconds.
  path: Assets/Prefabs/Maze/Maze Passage.prefab
  artifactKey: Guid(789b4b1f8f4f0d743a180f865d759217) Importer(815301076,1909f56bfc062723c751e8b465ee728b)
Start importing Assets/Prefabs/Maze/Maze Passage.prefab using Guid(789b4b1f8f4f0d743a180f865d759217) Importer(815301076,1909f56bfc062723c751e8b465ee728b)  -> (artifact id: '4bcdd33fc28205e4676097ba3f9180e1') in 0.009501 seconds 
========================================================================
Received Import Request.
  Time since last request: 0.387147 seconds.
  path: Assets/Prefabs/Maze/Maze Passage.prefab
  artifactKey: Guid(789b4b1f8f4f0d743a180f865d759217) Importer(815301076,1909f56bfc062723c751e8b465ee728b)
Start importing Assets/Prefabs/Maze/Maze Passage.prefab using Guid(789b4b1f8f4f0d743a180f865d759217) Importer(815301076,1909f56bfc062723c751e8b465ee728b)  -> (artifact id: 'a8129a9ebfc939e1e78e7d802088985f') in 0.005153 seconds 
========================================================================
Received Import Request.
  Time since last request: 1.760801 seconds.
  path: Assets/Prefabs/Maze/Maze Wall with Painting 1.prefab
  artifactKey: Guid(7d7ece74de1f194419f7d70396bf9a6a) Importer(815301076,1909f56bfc062723c751e8b465ee728b)
Start importing Assets/Prefabs/Maze/Maze Wall with Painting 1.prefab using Guid(7d7ece74de1f194419f7d70396bf9a6a) Importer(815301076,1909f56bfc062723c751e8b465ee728b)  -> (artifact id: '2afd3e6a3efd55ba9317d4f4f9a3f69c') in 0.015486 seconds 
========================================================================
Received Import Request.
  Time since last request: 0.384011 seconds.
  path: Assets/Prefabs/Maze/Maze Wall with Painting 1.prefab
  artifactKey: Guid(7d7ece74de1f194419f7d70396bf9a6a) Importer(815301076,1909f56bfc062723c751e8b465ee728b)
Start importing Assets/Prefabs/Maze/Maze Wall with Painting 1.prefab using Guid(7d7ece74de1f194419f7d70396bf9a6a) Importer(815301076,1909f56bfc062723c751e8b465ee728b)  -> (artifact id: '000223ab1adcf282ada1d176f4b6414b') in 0.013642 seconds 
========================================================================
Received Import Request.
  Time since last request: 0.383172 seconds.
  path: Assets/Prefabs/Maze/Maze Wall with Painting 1.prefab
  artifactKey: Guid(7d7ece74de1f194419f7d70396bf9a6a) Importer(815301076,1909f56bfc062723c751e8b465ee728b)
Start importing Assets/Prefabs/Maze/Maze Wall with Painting 1.prefab using Guid(7d7ece74de1f194419f7d70396bf9a6a) Importer(815301076,1909f56bfc062723c751e8b465ee728b)  -> (artifact id: '5021a489ce38208e99a0c8e85c8c1fd1') in 0.010137 seconds 
========================================================================
Received Import Request.
  Time since last request: 2.407640 seconds.
  path: Assets/Prefabs/Maze/Maze Wall.prefab
  artifactKey: Guid(b1393c2f643181749953ded1fa112e10) Importer(815301076,1909f56bfc062723c751e8b465ee728b)
Start importing Assets/Prefabs/Maze/Maze Wall.prefab using Guid(b1393c2f643181749953ded1fa112e10) Importer(815301076,1909f56bfc062723c751e8b465ee728b)  -> (artifact id: '7b92675312a3f90f3538ceea25a74055') in 0.012743 seconds 
========================================================================
Received Import Request.
  Time since last request: 0.383680 seconds.
  path: Assets/Prefabs/Maze/Maze Wall.prefab
  artifactKey: Guid(b1393c2f643181749953ded1fa112e10) Importer(815301076,1909f56bfc062723c751e8b465ee728b)
Start importing Assets/Prefabs/Maze/Maze Wall.prefab using Guid(b1393c2f643181749953ded1fa112e10) Importer(815301076,1909f56bfc062723c751e8b465ee728b)  -> (artifact id: '1429930a4cfe5d9ba53a5fc6196bcbbf') in 0.009294 seconds 
========================================================================
Received Import Request.
  Time since last request: 138.016201 seconds.
  path: Assets/Prefabs/Maze/Maze Cell.prefab
  artifactKey: Guid(d6f3c8097c50f164981fc541de36f7df) Importer(815301076,1909f56bfc062723c751e8b465ee728b)
Start importing Assets/Prefabs/Maze/Maze Cell.prefab using Guid(d6f3c8097c50f164981fc541de36f7df) Importer(815301076,1909f56bfc062723c751e8b465ee728b)  -> (artifact id: 'c7bef400cf9607f640eade8091468764') in 0.023677 seconds 
